<?xml version="1.0" encoding="UTF-8"?>
<!-- Generated by org.testng.reporters.JUnitReportReporter -->
<testsuite skipped="0" hostname="Rasheed-PC" name="com.qa.tests.HomePageTest" tests="3" failures="0" timestamp="13 Aug 2018 19:50:49 GMT" time="79.011" errors="0">
  <testcase name="verifyHomePageTitleTest" time="25.980" classname="com.qa.tests.HomePageTest"/>
  <testcase name="verifyUserNameTest" time="25.313" classname="com.qa.tests.HomePageTest"/>
  <testcase name="verifyClickContactTest" time="27.718" classname="com.qa.tests.HomePageTest"/>
</testsuite> <!-- com.qa.tests.HomePageTest -->
