<?xml version="1.0" encoding="UTF-8"?>
<!-- Generated by org.testng.reporters.JUnitReportReporter -->
<testsuite skipped="0" hostname="Rasheed-PC" name="com.qa.tests.ContactPageTest" tests="2" failures="0" timestamp="13 Aug 2018 19:50:49 GMT" time="51.002" errors="0">
  <testcase name="verifyContactPageLabelTest" time="25.038" classname="com.qa.tests.ContactPageTest"/>
  <testcase name="selectContactTest" time="25.964" classname="com.qa.tests.ContactPageTest"/>
</testsuite> <!-- com.qa.tests.ContactPageTest -->
